[1563807649267] INFO  (79 on f8d3a2e45ec9): 
    _id: 0
    _address: {
      "_host": "172.28.1.2",
      "_resolved": null,
      "_port": 7687,
      "_hostPort": "172.28.1.2:7687",
      "_stringValue": "172.28.1.2:7687"
    }
    _userAgent: "neo4j-javascript/0.0.0-dev"
    _openConnections: {}
    _authToken: {
      "scheme": "basic",
      "principal": "neo4j",
      "credentials": "bitnami"
    }
    _config: {
      "maxConnectionLifetime": 3600000,
      "maxConnectionPoolSize": 100,
      "connectionAcquisitionTimeout": 60000
    }
    _log: {
      "_level": null,
      "_loggerFunction": null
    }
    _pool: {
      "_maxSize": 100,
      "_acquisitionTimeout": 60000,
      "_pools": {},
      "_acquireRequests": {},
      "_activeResourceCounts": {},
      "_log": {
        "_level": null,
        "_loggerFunction": null
      }
    }
    _connectionProvider: {
      "_address": {
        "_host": "172.28.1.2",
        "_resolved": null,
        "_port": 7687,
        "_hostPort": "172.28.1.2:7687",
        "_stringValue": "172.28.1.2:7687"
      },
      "_connectionPool": {
        "_maxSize": 100,
        "_acquisitionTimeout": 60000,
        "_pools": {},
        "_acquireRequests": {},
        "_activeResourceCounts": {},
        "_log": {
          "_level": null,
          "_loggerFunction": null
        }
      }
    }
    _onCompleted: null
[1563807649269] ERROR (79 on f8d3a2e45ec9): 
SERVER ERROR:
[ERROR MESSAGE]: Cannot read property 'name' of undefined
[ERROR CODE]: undefined
[STACK TRACE]: TypeError: Cannot read property 'name' of undefined
    at internals.Server.register (/usr/src/app/node_modules/@hapi/hapi/lib/server.js:414:42)
    at process._tickCallback (internal/process/next_tick.js:68:7)
    at Function.Module.runMain (internal/modules/cjs/loader.js:757:11)
    at startup (internal/bootstrap/node.js:283:19)
    at bootstrapNodeJSCore (internal/bootstrap/node.js:622:3)
